  VRComponent.cpp
D:\Documents\repos\domocap\source\Moulinette\Moulinette\moulinette_components.h(5,37): error C2504: 'moulinette_components::VRComponent' : classe de base non définie
D:\Documents\repos\domocap\source\Moulinette\Moulinette\moulinette_components.h(5,37): error C2143: erreur de syntaxe : absence de ',' avant ';'
D:\Documents\repos\domocap\source\Moulinette\Moulinette\moulinette_components.h(6,2): error C2518: le mot clé 'struct' est non valide dans une liste de classes de base ; nom de la classe attendu
D:\Documents\repos\domocap\source\Moulinette\Moulinette\moulinette_components.h(7,2): error C2518: le mot clé 'struct' est non valide dans une liste de classes de base ; nom de la classe attendu
D:\Documents\repos\domocap\source\Moulinette\Moulinette\moulinette_components.h(8,2): error C2518: le mot clé 'struct' est non valide dans une liste de classes de base ; nom de la classe attendu
D:\Documents\repos\domocap\source\Moulinette\Moulinette\moulinette_components.h(9,2): error C2518: le mot clé 'struct' est non valide dans une liste de classes de base ; nom de la classe attendu
D:\Documents\repos\domocap\source\Moulinette\Moulinette\moulinette_components.h(10,2): error C2518: le mot clé 'struct' est non valide dans une liste de classes de base ; nom de la classe attendu
D:\Documents\repos\domocap\source\Moulinette\Moulinette\moulinette_components.h(11,1): error C2143: erreur de syntaxe : absence de ';' avant '}'
C:\Program Files (x86)\Microsoft Visual Studio\2019\Community\VC\Tools\MSVC\14.29.30133\include\concurrencysal.h(22,8): error C2059: erreur de syntaxe : 'chaîne'
C:\Program Files (x86)\Microsoft Visual Studio\2019\Community\VC\Tools\MSVC\14.29.30133\include\concurrencysal.h(22,12): error C2143: erreur de syntaxe : absence de ';' avant '{'
C:\Program Files (x86)\Microsoft Visual Studio\2019\Community\VC\Tools\MSVC\14.29.30133\include\concurrencysal.h(22,12): error C2447: '{' : en-tête de fonction manquant (liste formelle à l'ancien format ?)
C:\Program Files (x86)\Microsoft Visual Studio\2019\Community\VC\Tools\MSVC\14.29.30133\include\vcruntime_new.h(48,17): error C2323: 'moulinette_components::operator new' : les fonctions non-membres new ou delete d'un opérateur ne peuvent pas être déclarées static ou dans un espace de noms autre que l'espace de noms global
C:\Program Files (x86)\Microsoft Visual Studio\2019\Community\VC\Tools\MSVC\14.29.30133\include\vcruntime_new.h(55,12): error C2039: 'nothrow_t' n'est pas membre de 'std'
D:\Documents\repos\domocap\source\Moulinette\Moulinette\predefined C++ types (compiler internal)(340): message : voir la déclaration de 'std'
C:\Program Files (x86)\Microsoft Visual Studio\2019\Community\VC\Tools\MSVC\14.29.30133\include\vcruntime_new.h(55,22): error C2061: erreur de syntaxe : identificateur 'nothrow_t'
C:\Program Files (x86)\Microsoft Visual Studio\2019\Community\VC\Tools\MSVC\14.29.30133\include\vcruntime_new.h(56,15): warning C5043: 'moulinette_components::operator new' : la spécification d'exception ne correspond pas à la déclaration précédente
C:\Program Files (x86)\Microsoft Visual Studio\2019\Community\VC\Tools\MSVC\14.29.30133\include\vcruntime_new.h(48): message : voir la déclaration de 'moulinette_components::operator new'
C:\Program Files (x86)\Microsoft Visual Studio\2019\Community\VC\Tools\MSVC\14.29.30133\include\vcruntime_new.h(53,17): error C2323: 'moulinette_components::operator new' : les fonctions non-membres new ou delete d'un opérateur ne peuvent pas être déclarées static ou dans un espace de noms autre que l'espace de noms global
C:\Program Files (x86)\Microsoft Visual Studio\2019\Community\VC\Tools\MSVC\14.29.30133\include\vcruntime_new.h(59,17): error C2323: 'moulinette_components::operator new[]' : les fonctions non-membres new ou delete d'un opérateur ne peuvent pas être déclarées static ou dans un espace de noms autre que l'espace de noms global
C:\Program Files (x86)\Microsoft Visual Studio\2019\Community\VC\Tools\MSVC\14.29.30133\include\vcruntime_new.h(66,12): error C2039: 'nothrow_t' n'est pas membre de 'std'
D:\Documents\repos\domocap\source\Moulinette\Moulinette\predefined C++ types (compiler internal)(340): message : voir la déclaration de 'std'
C:\Program Files (x86)\Microsoft Visual Studio\2019\Community\VC\Tools\MSVC\14.29.30133\include\vcruntime_new.h(66,22): error C2061: erreur de syntaxe : identificateur 'nothrow_t'
C:\Program Files (x86)\Microsoft Visual Studio\2019\Community\VC\Tools\MSVC\14.29.30133\include\vcruntime_new.h(67,15): warning C5043: 'moulinette_components::operator new[]' : la spécification d'exception ne correspond pas à la déclaration précédente
C:\Program Files (x86)\Microsoft Visual Studio\2019\Community\VC\Tools\MSVC\14.29.30133\include\vcruntime_new.h(59): message : voir la déclaration de 'moulinette_components::operator new[]'
C:\Program Files (x86)\Microsoft Visual Studio\2019\Community\VC\Tools\MSVC\14.29.30133\include\vcruntime_new.h(64,17): error C2323: 'moulinette_components::operator new[]' : les fonctions non-membres new ou delete d'un opérateur ne peuvent pas être déclarées static ou dans un espace de noms autre que l'espace de noms global
C:\Program Files (x86)\Microsoft Visual Studio\2019\Community\VC\Tools\MSVC\14.29.30133\include\vcruntime_new.h(69,16): error C2323: 'moulinette_components::operator delete' : les fonctions non-membres new ou delete d'un opérateur ne peuvent pas être déclarées static ou dans un espace de noms autre que l'espace de noms global
C:\Program Files (x86)\Microsoft Visual Studio\2019\Community\VC\Tools\MSVC\14.29.30133\include\vcruntime_new.h(75,12): error C2039: 'nothrow_t' n'est pas membre de 'std'
D:\Documents\repos\domocap\source\Moulinette\Moulinette\predefined C++ types (compiler internal)(340): message : voir la déclaration de 'std'
C:\Program Files (x86)\Microsoft Visual Studio\2019\Community\VC\Tools\MSVC\14.29.30133\include\vcruntime_new.h(75,22): error C2061: erreur de syntaxe : identificateur 'nothrow_t'
C:\Program Files (x86)\Microsoft Visual Studio\2019\Community\VC\Tools\MSVC\14.29.30133\include\vcruntime_new.h(73,16): error C2323: 'moulinette_components::operator delete' : les fonctions non-membres new ou delete d'un opérateur ne peuvent pas être déclarées static ou dans un espace de noms autre que l'espace de noms global
C:\Program Files (x86)\Microsoft Visual Studio\2019\Community\VC\Tools\MSVC\14.29.30133\include\vcruntime_new.h(78,16): error C2323: 'moulinette_components::operator delete[]' : les fonctions non-membres new ou delete d'un opérateur ne peuvent pas être déclarées static ou dans un espace de noms autre que l'espace de noms global
C:\Program Files (x86)\Microsoft Visual Studio\2019\Community\VC\Tools\MSVC\14.29.30133\include\vcruntime_new.h(84,12): error C2039: 'nothrow_t' n'est pas membre de 'std'
D:\Documents\repos\domocap\source\Moulinette\Moulinette\predefined C++ types (compiler internal)(340): message : voir la déclaration de 'std'
C:\Program Files (x86)\Microsoft Visual Studio\2019\Community\VC\Tools\MSVC\14.29.30133\include\vcruntime_new.h(84,22): error C2061: erreur de syntaxe : identificateur 'nothrow_t'
C:\Program Files (x86)\Microsoft Visual Studio\2019\Community\VC\Tools\MSVC\14.29.30133\include\vcruntime_new.h(82,16): error C2323: 'moulinette_components::operator delete[]' : les fonctions non-membres new ou delete d'un opérateur ne peuvent pas être déclarées static ou dans un espace de noms autre que l'espace de noms global
C:\Program Files (x86)\Microsoft Visual Studio\2019\Community\VC\Tools\MSVC\14.29.30133\include\vcruntime_new.h(87,16): error C2323: 'moulinette_components::operator delete' : les fonctions non-membres new ou delete d'un opérateur ne peuvent pas être déclarées static ou dans un espace de noms autre que l'espace de noms global
C:\Program Files (x86)\Microsoft Visual Studio\2019\Community\VC\Tools\MSVC\14.29.30133\include\vcruntime_new.h(92,16): error C2323: 'moulinette_components::operator delete[]' : les fonctions non-membres new ou delete d'un opérateur ne peuvent pas être déclarées static ou dans un espace de noms autre que l'espace de noms global
C:\Program Files (x86)\Microsoft Visual Studio\2019\Community\VC\Tools\MSVC\14.29.30133\include\vcruntime_new.h(166,28): error C2323: 'moulinette_components::operator new' : les fonctions non-membres new ou delete d'un opérateur ne peuvent pas être déclarées static ou dans un espace de noms autre que l'espace de noms global
C:\Program Files (x86)\Microsoft Visual Studio\2019\Community\VC\Tools\MSVC\14.29.30133\include\vcruntime_new.h(172,27): error C2323: 'moulinette_components::operator delete' : les fonctions non-membres new ou delete d'un opérateur ne peuvent pas être déclarées static ou dans un espace de noms autre que l'espace de noms global
C:\Program Files (x86)\Microsoft Visual Studio\2019\Community\VC\Tools\MSVC\14.29.30133\include\vcruntime_new.h(181,28): error C2323: 'moulinette_components::operator new[]' : les fonctions non-membres new ou delete d'un opérateur ne peuvent pas être déclarées static ou dans un espace de noms autre que l'espace de noms global
C:\Program Files (x86)\Microsoft Visual Studio\2019\Community\VC\Tools\MSVC\14.29.30133\include\vcruntime_new.h(188,27): error C2323: 'moulinette_components::operator delete[]' : les fonctions non-membres new ou delete d'un opérateur ne peuvent pas être déclarées static ou dans un espace de noms autre que l'espace de noms global
C:\Program Files (x86)\Microsoft Visual Studio\2019\Community\VC\Tools\MSVC\14.29.30133\include\vcruntime_new_debug.h(26,37): error C2323: 'moulinette_components::operator new' : les fonctions non-membres new ou delete d'un opérateur ne peuvent pas être déclarées static ou dans un espace de noms autre que l'espace de noms global
C:\Program Files (x86)\Microsoft Visual Studio\2019\Community\VC\Tools\MSVC\14.29.30133\include\vcruntime_new_debug.h(34,37): error C2323: 'moulinette_components::operator new[]' : les fonctions non-membres new ou delete d'un opérateur ne peuvent pas être déclarées static ou dans un espace de noms autre que l'espace de noms global
C:\Program Files (x86)\Microsoft Visual Studio\2019\Community\VC\Tools\MSVC\14.29.30133\include\vcruntime_new_debug.h(41,20): error C2323: 'moulinette_components::operator delete' : les fonctions non-membres new ou delete d'un opérateur ne peuvent pas être déclarées static ou dans un espace de noms autre que l'espace de noms global
C:\Program Files (x86)\Microsoft Visual Studio\2019\Community\VC\Tools\MSVC\14.29.30133\include\vcruntime_new_debug.h(48,20): error C2323: 'moulinette_components::operator delete[]' : les fonctions non-membres new ou delete d'un opérateur ne peuvent pas être déclarées static ou dans un espace de noms autre que l'espace de noms global
C:\Program Files (x86)\Microsoft Visual Studio\2019\Community\VC\Tools\MSVC\14.29.30133\include\cstdio(37,13): error C2039: 'FILE' n'est pas membre de '`global namespace''
C:\Program Files (x86)\Microsoft Visual Studio\2019\Community\VC\Tools\MSVC\14.29.30133\include\cstdio(37,1): error C2873: 'FILE' : un symbole ne peut pas être utilisé dans une déclaration using
C:\Program Files (x86)\Microsoft Visual Studio\2019\Community\VC\Tools\MSVC\14.29.30133\include\cstdio(38,13): error C2039: '_Mbstatet' n'est pas membre de '`global namespace''
C:\Program Files (x86)\Microsoft Visual Studio\2019\Community\VC\Tools\MSVC\14.29.30133\include\cstdio(38,1): error C2873: '_Mbstatet' : un symbole ne peut pas être utilisé dans une déclaration using
C:\Program Files (x86)\Microsoft Visual Studio\2019\Community\VC\Tools\MSVC\14.29.30133\include\cstdio(41,13): error C2039: 'fpos_t' n'est pas membre de '`global namespace''
C:\Program Files (x86)\Microsoft Visual Studio\2019\Community\VC\Tools\MSVC\14.29.30133\include\cstdio(41,1): error C2873: 'fpos_t' : un symbole ne peut pas être utilisé dans une déclaration using
C:\Program Files (x86)\Microsoft Visual Studio\2019\Community\VC\Tools\MSVC\14.29.30133\include\cstdio(42,13): error C2039: 'FILE' n'est pas membre de '`global namespace''
C:\Program Files (x86)\Microsoft Visual Studio\2019\Community\VC\Tools\MSVC\14.29.30133\include\cstdio(42,1): error C2873: 'FILE' : un symbole ne peut pas être utilisé dans une déclaration using
C:\Program Files (x86)\Microsoft Visual Studio\2019\Community\VC\Tools\MSVC\14.29.30133\include\cstdio(43,13): error C2039: 'clearerr' n'est pas membre de '`global namespace''
C:\Program Files (x86)\Microsoft Visual Studio\2019\Community\VC\Tools\MSVC\14.29.30133\include\cstdio(43,1): error C2873: 'clearerr' : un symbole ne peut pas être utilisé dans une déclaration using
C:\Program Files (x86)\Microsoft Visual Studio\2019\Community\VC\Tools\MSVC\14.29.30133\include\cstdio(44,13): error C2039: 'fclose' n'est pas membre de '`global namespace''
C:\Program Files (x86)\Microsoft Visual Studio\2019\Community\VC\Tools\MSVC\14.29.30133\include\cstdio(44,1): error C2873: 'fclose' : un symbole ne peut pas être utilisé dans une déclaration using
C:\Program Files (x86)\Microsoft Visual Studio\2019\Community\VC\Tools\MSVC\14.29.30133\include\cstdio(45,13): error C2039: 'feof' n'est pas membre de '`global namespace''
C:\Program Files (x86)\Microsoft Visual Studio\2019\Community\VC\Tools\MSVC\14.29.30133\include\cstdio(45,1): error C2873: 'feof' : un symbole ne peut pas être utilisé dans une déclaration using
C:\Program Files (x86)\Microsoft Visual Studio\2019\Community\VC\Tools\MSVC\14.29.30133\include\cstdio(46,13): error C2039: 'ferror' n'est pas membre de '`global namespace''
C:\Program Files (x86)\Microsoft Visual Studio\2019\Community\VC\Tools\MSVC\14.29.30133\include\cstdio(46,1): error C2873: 'ferror' : un symbole ne peut pas être utilisé dans une déclaration using
C:\Program Files (x86)\Microsoft Visual Studio\2019\Community\VC\Tools\MSVC\14.29.30133\include\cstdio(47,13): error C2039: 'fflush' n'est pas membre de '`global namespace''
C:\Program Files (x86)\Microsoft Visual Studio\2019\Community\VC\Tools\MSVC\14.29.30133\include\cstdio(47,1): error C2873: 'fflush' : un symbole ne peut pas être utilisé dans une déclaration using
C:\Program Files (x86)\Microsoft Visual Studio\2019\Community\VC\Tools\MSVC\14.29.30133\include\cstdio(48,13): error C2039: 'fgetc' n'est pas membre de '`global namespace''
C:\Program Files (x86)\Microsoft Visual Studio\2019\Community\VC\Tools\MSVC\14.29.30133\include\cstdio(48,1): error C2873: 'fgetc' : un symbole ne peut pas être utilisé dans une déclaration using
C:\Program Files (x86)\Microsoft Visual Studio\2019\Community\VC\Tools\MSVC\14.29.30133\include\cstdio(49,13): error C2039: 'fgetpos' n'est pas membre de '`global namespace''
C:\Program Files (x86)\Microsoft Visual Studio\2019\Community\VC\Tools\MSVC\14.29.30133\include\cstdio(49,1): error C2873: 'fgetpos' : un symbole ne peut pas être utilisé dans une déclaration using
C:\Program Files (x86)\Microsoft Visual Studio\2019\Community\VC\Tools\MSVC\14.29.30133\include\cstdio(50,13): error C2039: 'fgets' n'est pas membre de '`global namespace''
C:\Program Files (x86)\Microsoft Visual Studio\2019\Community\VC\Tools\MSVC\14.29.30133\include\cstdio(50,1): error C2873: 'fgets' : un symbole ne peut pas être utilisé dans une déclaration using
C:\Program Files (x86)\Microsoft Visual Studio\2019\Community\VC\Tools\MSVC\14.29.30133\include\cstdio(51,13): error C2039: 'fopen' n'est pas membre de '`global namespace''
C:\Program Files (x86)\Microsoft Visual Studio\2019\Community\VC\Tools\MSVC\14.29.30133\include\cstdio(51,1): error C2873: 'fopen' : un symbole ne peut pas être utilisé dans une déclaration using
C:\Program Files (x86)\Microsoft Visual Studio\2019\Community\VC\Tools\MSVC\14.29.30133\include\cstdio(52,13): error C2039: 'fprintf' n'est pas membre de '`global namespace''
C:\Program Files (x86)\Microsoft Visual Studio\2019\Community\VC\Tools\MSVC\14.29.30133\include\cstdio(52,1): error C2873: 'fprintf' : un symbole ne peut pas être utilisé dans une déclaration using
C:\Program Files (x86)\Microsoft Visual Studio\2019\Community\VC\Tools\MSVC\14.29.30133\include\cstdio(53,13): error C2039: 'fputc' n'est pas membre de '`global namespace''
C:\Program Files (x86)\Microsoft Visual Studio\2019\Community\VC\Tools\MSVC\14.29.30133\include\cstdio(53,1): error C2873: 'fputc' : un symbole ne peut pas être utilisé dans une déclaration using
C:\Program Files (x86)\Microsoft Visual Studio\2019\Community\VC\Tools\MSVC\14.29.30133\include\cstdio(54,13): error C2039: 'fputs' n'est pas membre de '`global namespace''
C:\Program Files (x86)\Microsoft Visual Studio\2019\Community\VC\Tools\MSVC\14.29.30133\include\cstdio(54,1): error C2873: 'fputs' : un symbole ne peut pas être utilisé dans une déclaration using
C:\Program Files (x86)\Microsoft Visual Studio\2019\Community\VC\Tools\MSVC\14.29.30133\include\cstdio(55,13): error C2039: 'fread' n'est pas membre de '`global namespace''
C:\Program Files (x86)\Microsoft Visual Studio\2019\Community\VC\Tools\MSVC\14.29.30133\include\cstdio(55,1): error C2873: 'fread' : un symbole ne peut pas être utilisé dans une déclaration using
C:\Program Files (x86)\Microsoft Visual Studio\2019\Community\VC\Tools\MSVC\14.29.30133\include\cstdio(56,13): error C2039: 'freopen' n'est pas membre de '`global namespace''
C:\Program Files (x86)\Microsoft Visual Studio\2019\Community\VC\Tools\MSVC\14.29.30133\include\cstdio(56,1): error C2873: 'freopen' : un symbole ne peut pas être utilisé dans une déclaration using
C:\Program Files (x86)\Microsoft Visual Studio\2019\Community\VC\Tools\MSVC\14.29.30133\include\cstdio(57,13): error C2039: 'fscanf' n'est pas membre de '`global namespace''
C:\Program Files (x86)\Microsoft Visual Studio\2019\Community\VC\Tools\MSVC\14.29.30133\include\cstdio(57,1): error C2873: 'fscanf' : un symbole ne peut pas être utilisé dans une déclaration using
C:\Program Files (x86)\Microsoft Visual Studio\2019\Community\VC\Tools\MSVC\14.29.30133\include\cstdio(58,13): error C2039: 'fseek' n'est pas membre de '`global namespace''
C:\Program Files (x86)\Microsoft Visual Studio\2019\Community\VC\Tools\MSVC\14.29.30133\include\cstdio(58,1): error C2873: 'fseek' : un symbole ne peut pas être utilisé dans une déclaration using
C:\Program Files (x86)\Microsoft Visual Studio\2019\Community\VC\Tools\MSVC\14.29.30133\include\cstdio(59,13): error C2039: 'fsetpos' n'est pas membre de '`global namespace''
C:\Program Files (x86)\Microsoft Visual Studio\2019\Community\VC\Tools\MSVC\14.29.30133\include\cstdio(59,1): error C2873: 'fsetpos' : un symbole ne peut pas être utilisé dans une déclaration using
C:\Program Files (x86)\Microsoft Visual Studio\2019\Community\VC\Tools\MSVC\14.29.30133\include\cstdio(60,13): error C2039: 'ftell' n'est pas membre de '`global namespace''
C:\Program Files (x86)\Microsoft Visual Studio\2019\Community\VC\Tools\MSVC\14.29.30133\include\cstdio(60,1): error C2873: 'ftell' : un symbole ne peut pas être utilisé dans une déclaration using
C:\Program Files (x86)\Microsoft Visual Studio\2019\Community\VC\Tools\MSVC\14.29.30133\include\cstdio(61,13): error C2039: 'fwrite' n'est pas membre de '`global namespace''
C:\Program Files (x86)\Microsoft Visual Studio\2019\Community\VC\Tools\MSVC\14.29.30133\include\cstdio(61,1): error C2873: 'fwrite' : un symbole ne peut pas être utilisé dans une déclaration using
C:\Program Files (x86)\Microsoft Visual Studio\2019\Community\VC\Tools\MSVC\14.29.30133\include\cstdio(62,13): error C2039: 'getc' n'est pas membre de '`global namespace''
C:\Program Files (x86)\Microsoft Visual Studio\2019\Community\VC\Tools\MSVC\14.29.30133\include\cstdio(62,1): error C2873: 'getc' : un symbole ne peut pas être utilisé dans une déclaration using
C:\Program Files (x86)\Microsoft Visual Studio\2019\Community\VC\Tools\MSVC\14.29.30133\include\cstdio(63,13): error C2039: 'getchar' n'est pas membre de '`global namespace''
C:\Program Files (x86)\Microsoft Visual Studio\2019\Community\VC\Tools\MSVC\14.29.30133\include\cstdio(63,1): error C2873: 'getchar' : un symbole ne peut pas être utilisé dans une déclaration using
C:\Program Files (x86)\Microsoft Visual Studio\2019\Community\VC\Tools\MSVC\14.29.30133\include\cstdio(64,13): error C2039: 'perror' n'est pas membre de '`global namespace''
C:\Program Files (x86)\Microsoft Visual Studio\2019\Community\VC\Tools\MSVC\14.29.30133\include\cstdio(64,1): error C2873: 'perror' : un symbole ne peut pas être utilisé dans une déclaration using
C:\Program Files (x86)\Microsoft Visual Studio\2019\Community\VC\Tools\MSVC\14.29.30133\include\cstdio(65,13): error C2039: 'putc' n'est pas membre de '`global namespace''
C:\Program Files (x86)\Microsoft Visual Studio\2019\Community\VC\Tools\MSVC\14.29.30133\include\cstdio(65,1): error C2873: 'putc' : un symbole ne peut pas être utilisé dans une déclaration using
C:\Program Files (x86)\Microsoft Visual Studio\2019\Community\VC\Tools\MSVC\14.29.30133\include\cstdio(66,13): error C2039: 'putchar' n'est pas membre de '`global namespace''
C:\Program Files (x86)\Microsoft Visual Studio\2019\Community\VC\Tools\MSVC\14.29.30133\include\cstdio(66,1): error C2873: 'putchar' : un symbole ne peut pas être utilisé dans une déclaration using
C:\Program Files (x86)\Microsoft Visual Studio\2019\Community\VC\Tools\MSVC\14.29.30133\include\cstdio(67,13): error C2039: 'printf' n'est pas membre de '`global namespace''
C:\Program Files (x86)\Microsoft Visual Studio\2019\Community\VC\Tools\MSVC\14.29.30133\include\cstdio(67,1): error C2873: 'printf' : un symbole ne peut pas être utilisé dans une déclaration using
C:\Program Files (x86)\Microsoft Visual Studio\2019\Community\VC\Tools\MSVC\14.29.30133\include\cstdio(68,13): error C2039: 'puts' n'est pas membre de '`global namespace''
C:\Program Files (x86)\Microsoft Visual Studio\2019\Community\VC\Tools\MSVC\14.29.30133\include\cstdio(68,1): error C2873: 'puts' : un symbole ne peut pas être utilisé dans une déclaration using
C:\Program Files (x86)\Microsoft Visual Studio\2019\Community\VC\Tools\MSVC\14.29.30133\include\cstdio(69,13): error C2039: 'remove' n'est pas membre de '`global namespace''
C:\Program Files (x86)\Microsoft Visual Studio\2019\Community\VC\Tools\MSVC\14.29.30133\include\cstdio(69,1): error C2873: 'remove' : un symbole ne peut pas être utilisé dans une déclaration using
C:\Program Files (x86)\Microsoft Visual Studio\2019\Community\VC\Tools\MSVC\14.29.30133\include\cstdio(70,13): error C2039: 'rename' n'est pas membre de '`global namespace''
C:\Program Files (x86)\Microsoft Visual Studio\2019\Community\VC\Tools\MSVC\14.29.30133\include\cstdio(70,1): error C2873: 'rename' : un symbole ne peut pas être utilisé dans une déclaration using
C:\Program Files (x86)\Microsoft Visual Studio\2019\Community\VC\Tools\MSVC\14.29.30133\include\cstdio(70,19): fatal error C1003: le nombre d'erreurs est supérieur à 100 ; arrêt de la compilation
  VRQuaternion.cpp
D:\Documents\repos\domocap\source\Moulinette\Moulinette\moulinette_components.h(5,37): error C2504: 'moulinette_components::VRComponent' : classe de base non définie
D:\Documents\repos\domocap\source\Moulinette\Moulinette\moulinette_components.h(5,37): error C2143: erreur de syntaxe : absence de ',' avant ';'
D:\Documents\repos\domocap\source\Moulinette\Moulinette\moulinette_components.h(6,2): error C2518: le mot clé 'struct' est non valide dans une liste de classes de base ; nom de la classe attendu
D:\Documents\repos\domocap\source\Moulinette\Moulinette\moulinette_components.h(7,2): error C2518: le mot clé 'struct' est non valide dans une liste de classes de base ; nom de la classe attendu
D:\Documents\repos\domocap\source\Moulinette\Moulinette\moulinette_components.h(8,2): error C2518: le mot clé 'struct' est non valide dans une liste de classes de base ; nom de la classe attendu
D:\Documents\repos\domocap\source\Moulinette\Moulinette\moulinette_components.h(9,2): error C2518: le mot clé 'struct' est non valide dans une liste de classes de base ; nom de la classe attendu
D:\Documents\repos\domocap\source\Moulinette\Moulinette\moulinette_components.h(10,2): error C2518: le mot clé 'struct' est non valide dans une liste de classes de base ; nom de la classe attendu
D:\Documents\repos\domocap\source\Moulinette\Moulinette\moulinette_components.h(11,1): error C2143: erreur de syntaxe : absence de ';' avant '}'
C:\Program Files (x86)\Microsoft Visual Studio\2019\Community\VC\Tools\MSVC\14.29.30133\include\concurrencysal.h(22,8): error C2059: erreur de syntaxe : 'chaîne'
C:\Program Files (x86)\Microsoft Visual Studio\2019\Community\VC\Tools\MSVC\14.29.30133\include\concurrencysal.h(22,12): error C2143: erreur de syntaxe : absence de ';' avant '{'
C:\Program Files (x86)\Microsoft Visual Studio\2019\Community\VC\Tools\MSVC\14.29.30133\include\concurrencysal.h(22,12): error C2447: '{' : en-tête de fonction manquant (liste formelle à l'ancien format ?)
C:\Program Files (x86)\Microsoft Visual Studio\2019\Community\VC\Tools\MSVC\14.29.30133\include\vcruntime_new.h(48,17): error C2323: 'moulinette_components::operator new' : les fonctions non-membres new ou delete d'un opérateur ne peuvent pas être déclarées static ou dans un espace de noms autre que l'espace de noms global
C:\Program Files (x86)\Microsoft Visual Studio\2019\Community\VC\Tools\MSVC\14.29.30133\include\vcruntime_new.h(55,12): error C2039: 'nothrow_t' n'est pas membre de 'std'
D:\Documents\repos\domocap\source\Moulinette\Moulinette\predefined C++ types (compiler internal)(340): message : voir la déclaration de 'std'
C:\Program Files (x86)\Microsoft Visual Studio\2019\Community\VC\Tools\MSVC\14.29.30133\include\vcruntime_new.h(55,22): error C2061: erreur de syntaxe : identificateur 'nothrow_t'
C:\Program Files (x86)\Microsoft Visual Studio\2019\Community\VC\Tools\MSVC\14.29.30133\include\vcruntime_new.h(56,15): warning C5043: 'moulinette_components::operator new' : la spécification d'exception ne correspond pas à la déclaration précédente
C:\Program Files (x86)\Microsoft Visual Studio\2019\Community\VC\Tools\MSVC\14.29.30133\include\vcruntime_new.h(48): message : voir la déclaration de 'moulinette_components::operator new'
C:\Program Files (x86)\Microsoft Visual Studio\2019\Community\VC\Tools\MSVC\14.29.30133\include\vcruntime_new.h(53,17): error C2323: 'moulinette_components::operator new' : les fonctions non-membres new ou delete d'un opérateur ne peuvent pas être déclarées static ou dans un espace de noms autre que l'espace de noms global
C:\Program Files (x86)\Microsoft Visual Studio\2019\Community\VC\Tools\MSVC\14.29.30133\include\vcruntime_new.h(59,17): error C2323: 'moulinette_components::operator new[]' : les fonctions non-membres new ou delete d'un opérateur ne peuvent pas être déclarées static ou dans un espace de noms autre que l'espace de noms global
C:\Program Files (x86)\Microsoft Visual Studio\2019\Community\VC\Tools\MSVC\14.29.30133\include\vcruntime_new.h(66,12): error C2039: 'nothrow_t' n'est pas membre de 'std'
D:\Documents\repos\domocap\source\Moulinette\Moulinette\predefined C++ types (compiler internal)(340): message : voir la déclaration de 'std'
C:\Program Files (x86)\Microsoft Visual Studio\2019\Community\VC\Tools\MSVC\14.29.30133\include\vcruntime_new.h(66,22): error C2061: erreur de syntaxe : identificateur 'nothrow_t'
C:\Program Files (x86)\Microsoft Visual Studio\2019\Community\VC\Tools\MSVC\14.29.30133\include\vcruntime_new.h(67,15): warning C5043: 'moulinette_components::operator new[]' : la spécification d'exception ne correspond pas à la déclaration précédente
C:\Program Files (x86)\Microsoft Visual Studio\2019\Community\VC\Tools\MSVC\14.29.30133\include\vcruntime_new.h(59): message : voir la déclaration de 'moulinette_components::operator new[]'
C:\Program Files (x86)\Microsoft Visual Studio\2019\Community\VC\Tools\MSVC\14.29.30133\include\vcruntime_new.h(64,17): error C2323: 'moulinette_components::operator new[]' : les fonctions non-membres new ou delete d'un opérateur ne peuvent pas être déclarées static ou dans un espace de noms autre que l'espace de noms global
C:\Program Files (x86)\Microsoft Visual Studio\2019\Community\VC\Tools\MSVC\14.29.30133\include\vcruntime_new.h(69,16): error C2323: 'moulinette_components::operator delete' : les fonctions non-membres new ou delete d'un opérateur ne peuvent pas être déclarées static ou dans un espace de noms autre que l'espace de noms global
C:\Program Files (x86)\Microsoft Visual Studio\2019\Community\VC\Tools\MSVC\14.29.30133\include\vcruntime_new.h(75,12): error C2039: 'nothrow_t' n'est pas membre de 'std'
D:\Documents\repos\domocap\source\Moulinette\Moulinette\predefined C++ types (compiler internal)(340): message : voir la déclaration de 'std'
C:\Program Files (x86)\Microsoft Visual Studio\2019\Community\VC\Tools\MSVC\14.29.30133\include\vcruntime_new.h(75,22): error C2061: erreur de syntaxe : identificateur 'nothrow_t'
C:\Program Files (x86)\Microsoft Visual Studio\2019\Community\VC\Tools\MSVC\14.29.30133\include\vcruntime_new.h(73,16): error C2323: 'moulinette_components::operator delete' : les fonctions non-membres new ou delete d'un opérateur ne peuvent pas être déclarées static ou dans un espace de noms autre que l'espace de noms global
C:\Program Files (x86)\Microsoft Visual Studio\2019\Community\VC\Tools\MSVC\14.29.30133\include\vcruntime_new.h(78,16): error C2323: 'moulinette_components::operator delete[]' : les fonctions non-membres new ou delete d'un opérateur ne peuvent pas être déclarées static ou dans un espace de noms autre que l'espace de noms global
C:\Program Files (x86)\Microsoft Visual Studio\2019\Community\VC\Tools\MSVC\14.29.30133\include\vcruntime_new.h(84,12): error C2039: 'nothrow_t' n'est pas membre de 'std'
D:\Documents\repos\domocap\source\Moulinette\Moulinette\predefined C++ types (compiler internal)(340): message : voir la déclaration de 'std'
C:\Program Files (x86)\Microsoft Visual Studio\2019\Community\VC\Tools\MSVC\14.29.30133\include\vcruntime_new.h(84,22): error C2061: erreur de syntaxe : identificateur 'nothrow_t'
C:\Program Files (x86)\Microsoft Visual Studio\2019\Community\VC\Tools\MSVC\14.29.30133\include\vcruntime_new.h(82,16): error C2323: 'moulinette_components::operator delete[]' : les fonctions non-membres new ou delete d'un opérateur ne peuvent pas être déclarées static ou dans un espace de noms autre que l'espace de noms global
C:\Program Files (x86)\Microsoft Visual Studio\2019\Community\VC\Tools\MSVC\14.29.30133\include\vcruntime_new.h(87,16): error C2323: 'moulinette_components::operator delete' : les fonctions non-membres new ou delete d'un opérateur ne peuvent pas être déclarées static ou dans un espace de noms autre que l'espace de noms global
C:\Program Files (x86)\Microsoft Visual Studio\2019\Community\VC\Tools\MSVC\14.29.30133\include\vcruntime_new.h(92,16): error C2323: 'moulinette_components::operator delete[]' : les fonctions non-membres new ou delete d'un opérateur ne peuvent pas être déclarées static ou dans un espace de noms autre que l'espace de noms global
C:\Program Files (x86)\Microsoft Visual Studio\2019\Community\VC\Tools\MSVC\14.29.30133\include\vcruntime_new.h(166,28): error C2323: 'moulinette_components::operator new' : les fonctions non-membres new ou delete d'un opérateur ne peuvent pas être déclarées static ou dans un espace de noms autre que l'espace de noms global
C:\Program Files (x86)\Microsoft Visual Studio\2019\Community\VC\Tools\MSVC\14.29.30133\include\vcruntime_new.h(172,27): error C2323: 'moulinette_components::operator delete' : les fonctions non-membres new ou delete d'un opérateur ne peuvent pas être déclarées static ou dans un espace de noms autre que l'espace de noms global
C:\Program Files (x86)\Microsoft Visual Studio\2019\Community\VC\Tools\MSVC\14.29.30133\include\vcruntime_new.h(181,28): error C2323: 'moulinette_components::operator new[]' : les fonctions non-membres new ou delete d'un opérateur ne peuvent pas être déclarées static ou dans un espace de noms autre que l'espace de noms global
C:\Program Files (x86)\Microsoft Visual Studio\2019\Community\VC\Tools\MSVC\14.29.30133\include\vcruntime_new.h(188,27): error C2323: 'moulinette_components::operator delete[]' : les fonctions non-membres new ou delete d'un opérateur ne peuvent pas être déclarées static ou dans un espace de noms autre que l'espace de noms global
C:\Program Files (x86)\Microsoft Visual Studio\2019\Community\VC\Tools\MSVC\14.29.30133\include\vcruntime_new_debug.h(26,37): error C2323: 'moulinette_components::operator new' : les fonctions non-membres new ou delete d'un opérateur ne peuvent pas être déclarées static ou dans un espace de noms autre que l'espace de noms global
C:\Program Files (x86)\Microsoft Visual Studio\2019\Community\VC\Tools\MSVC\14.29.30133\include\vcruntime_new_debug.h(34,37): error C2323: 'moulinette_components::operator new[]' : les fonctions non-membres new ou delete d'un opérateur ne peuvent pas être déclarées static ou dans un espace de noms autre que l'espace de noms global
C:\Program Files (x86)\Microsoft Visual Studio\2019\Community\VC\Tools\MSVC\14.29.30133\include\vcruntime_new_debug.h(41,20): error C2323: 'moulinette_components::operator delete' : les fonctions non-membres new ou delete d'un opérateur ne peuvent pas être déclarées static ou dans un espace de noms autre que l'espace de noms global
C:\Program Files (x86)\Microsoft Visual Studio\2019\Community\VC\Tools\MSVC\14.29.30133\include\vcruntime_new_debug.h(48,20): error C2323: 'moulinette_components::operator delete[]' : les fonctions non-membres new ou delete d'un opérateur ne peuvent pas être déclarées static ou dans un espace de noms autre que l'espace de noms global
C:\Program Files (x86)\Microsoft Visual Studio\2019\Community\VC\Tools\MSVC\14.29.30133\include\cstdio(37,13): error C2039: 'FILE' n'est pas membre de '`global namespace''
C:\Program Files (x86)\Microsoft Visual Studio\2019\Community\VC\Tools\MSVC\14.29.30133\include\cstdio(37,1): error C2873: 'FILE' : un symbole ne peut pas être utilisé dans une déclaration using
C:\Program Files (x86)\Microsoft Visual Studio\2019\Community\VC\Tools\MSVC\14.29.30133\include\cstdio(38,13): error C2039: '_Mbstatet' n'est pas membre de '`global namespace''
C:\Program Files (x86)\Microsoft Visual Studio\2019\Community\VC\Tools\MSVC\14.29.30133\include\cstdio(38,1): error C2873: '_Mbstatet' : un symbole ne peut pas être utilisé dans une déclaration using
C:\Program Files (x86)\Microsoft Visual Studio\2019\Community\VC\Tools\MSVC\14.29.30133\include\cstdio(41,13): error C2039: 'fpos_t' n'est pas membre de '`global namespace''
C:\Program Files (x86)\Microsoft Visual Studio\2019\Community\VC\Tools\MSVC\14.29.30133\include\cstdio(41,1): error C2873: 'fpos_t' : un symbole ne peut pas être utilisé dans une déclaration using
C:\Program Files (x86)\Microsoft Visual Studio\2019\Community\VC\Tools\MSVC\14.29.30133\include\cstdio(42,13): error C2039: 'FILE' n'est pas membre de '`global namespace''
C:\Program Files (x86)\Microsoft Visual Studio\2019\Community\VC\Tools\MSVC\14.29.30133\include\cstdio(42,1): error C2873: 'FILE' : un symbole ne peut pas être utilisé dans une déclaration using
C:\Program Files (x86)\Microsoft Visual Studio\2019\Community\VC\Tools\MSVC\14.29.30133\include\cstdio(43,13): error C2039: 'clearerr' n'est pas membre de '`global namespace''
C:\Program Files (x86)\Microsoft Visual Studio\2019\Community\VC\Tools\MSVC\14.29.30133\include\cstdio(43,1): error C2873: 'clearerr' : un symbole ne peut pas être utilisé dans une déclaration using
C:\Program Files (x86)\Microsoft Visual Studio\2019\Community\VC\Tools\MSVC\14.29.30133\include\cstdio(44,13): error C2039: 'fclose' n'est pas membre de '`global namespace''
C:\Program Files (x86)\Microsoft Visual Studio\2019\Community\VC\Tools\MSVC\14.29.30133\include\cstdio(44,1): error C2873: 'fclose' : un symbole ne peut pas être utilisé dans une déclaration using
C:\Program Files (x86)\Microsoft Visual Studio\2019\Community\VC\Tools\MSVC\14.29.30133\include\cstdio(45,13): error C2039: 'feof' n'est pas membre de '`global namespace''
C:\Program Files (x86)\Microsoft Visual Studio\2019\Community\VC\Tools\MSVC\14.29.30133\include\cstdio(45,1): error C2873: 'feof' : un symbole ne peut pas être utilisé dans une déclaration using
C:\Program Files (x86)\Microsoft Visual Studio\2019\Community\VC\Tools\MSVC\14.29.30133\include\cstdio(46,13): error C2039: 'ferror' n'est pas membre de '`global namespace''
C:\Program Files (x86)\Microsoft Visual Studio\2019\Community\VC\Tools\MSVC\14.29.30133\include\cstdio(46,1): error C2873: 'ferror' : un symbole ne peut pas être utilisé dans une déclaration using
C:\Program Files (x86)\Microsoft Visual Studio\2019\Community\VC\Tools\MSVC\14.29.30133\include\cstdio(47,13): error C2039: 'fflush' n'est pas membre de '`global namespace''
C:\Program Files (x86)\Microsoft Visual Studio\2019\Community\VC\Tools\MSVC\14.29.30133\include\cstdio(47,1): error C2873: 'fflush' : un symbole ne peut pas être utilisé dans une déclaration using
C:\Program Files (x86)\Microsoft Visual Studio\2019\Community\VC\Tools\MSVC\14.29.30133\include\cstdio(48,13): error C2039: 'fgetc' n'est pas membre de '`global namespace''
C:\Program Files (x86)\Microsoft Visual Studio\2019\Community\VC\Tools\MSVC\14.29.30133\include\cstdio(48,1): error C2873: 'fgetc' : un symbole ne peut pas être utilisé dans une déclaration using
C:\Program Files (x86)\Microsoft Visual Studio\2019\Community\VC\Tools\MSVC\14.29.30133\include\cstdio(49,13): error C2039: 'fgetpos' n'est pas membre de '`global namespace''
C:\Program Files (x86)\Microsoft Visual Studio\2019\Community\VC\Tools\MSVC\14.29.30133\include\cstdio(49,1): error C2873: 'fgetpos' : un symbole ne peut pas être utilisé dans une déclaration using
C:\Program Files (x86)\Microsoft Visual Studio\2019\Community\VC\Tools\MSVC\14.29.30133\include\cstdio(50,13): error C2039: 'fgets' n'est pas membre de '`global namespace''
C:\Program Files (x86)\Microsoft Visual Studio\2019\Community\VC\Tools\MSVC\14.29.30133\include\cstdio(50,1): error C2873: 'fgets' : un symbole ne peut pas être utilisé dans une déclaration using
C:\Program Files (x86)\Microsoft Visual Studio\2019\Community\VC\Tools\MSVC\14.29.30133\include\cstdio(51,13): error C2039: 'fopen' n'est pas membre de '`global namespace''
C:\Program Files (x86)\Microsoft Visual Studio\2019\Community\VC\Tools\MSVC\14.29.30133\include\cstdio(51,1): error C2873: 'fopen' : un symbole ne peut pas être utilisé dans une déclaration using
C:\Program Files (x86)\Microsoft Visual Studio\2019\Community\VC\Tools\MSVC\14.29.30133\include\cstdio(52,13): error C2039: 'fprintf' n'est pas membre de '`global namespace''
C:\Program Files (x86)\Microsoft Visual Studio\2019\Community\VC\Tools\MSVC\14.29.30133\include\cstdio(52,1): error C2873: 'fprintf' : un symbole ne peut pas être utilisé dans une déclaration using
C:\Program Files (x86)\Microsoft Visual Studio\2019\Community\VC\Tools\MSVC\14.29.30133\include\cstdio(53,13): error C2039: 'fputc' n'est pas membre de '`global namespace''
C:\Program Files (x86)\Microsoft Visual Studio\2019\Community\VC\Tools\MSVC\14.29.30133\include\cstdio(53,1): error C2873: 'fputc' : un symbole ne peut pas être utilisé dans une déclaration using
C:\Program Files (x86)\Microsoft Visual Studio\2019\Community\VC\Tools\MSVC\14.29.30133\include\cstdio(54,13): error C2039: 'fputs' n'est pas membre de '`global namespace''
C:\Program Files (x86)\Microsoft Visual Studio\2019\Community\VC\Tools\MSVC\14.29.30133\include\cstdio(54,1): error C2873: 'fputs' : un symbole ne peut pas être utilisé dans une déclaration using
C:\Program Files (x86)\Microsoft Visual Studio\2019\Community\VC\Tools\MSVC\14.29.30133\include\cstdio(55,13): error C2039: 'fread' n'est pas membre de '`global namespace''
C:\Program Files (x86)\Microsoft Visual Studio\2019\Community\VC\Tools\MSVC\14.29.30133\include\cstdio(55,1): error C2873: 'fread' : un symbole ne peut pas être utilisé dans une déclaration using
C:\Program Files (x86)\Microsoft Visual Studio\2019\Community\VC\Tools\MSVC\14.29.30133\include\cstdio(56,13): error C2039: 'freopen' n'est pas membre de '`global namespace''
C:\Program Files (x86)\Microsoft Visual Studio\2019\Community\VC\Tools\MSVC\14.29.30133\include\cstdio(56,1): error C2873: 'freopen' : un symbole ne peut pas être utilisé dans une déclaration using
C:\Program Files (x86)\Microsoft Visual Studio\2019\Community\VC\Tools\MSVC\14.29.30133\include\cstdio(57,13): error C2039: 'fscanf' n'est pas membre de '`global namespace''
C:\Program Files (x86)\Microsoft Visual Studio\2019\Community\VC\Tools\MSVC\14.29.30133\include\cstdio(57,1): error C2873: 'fscanf' : un symbole ne peut pas être utilisé dans une déclaration using
C:\Program Files (x86)\Microsoft Visual Studio\2019\Community\VC\Tools\MSVC\14.29.30133\include\cstdio(58,13): error C2039: 'fseek' n'est pas membre de '`global namespace''
C:\Program Files (x86)\Microsoft Visual Studio\2019\Community\VC\Tools\MSVC\14.29.30133\include\cstdio(58,1): error C2873: 'fseek' : un symbole ne peut pas être utilisé dans une déclaration using
C:\Program Files (x86)\Microsoft Visual Studio\2019\Community\VC\Tools\MSVC\14.29.30133\include\cstdio(59,13): error C2039: 'fsetpos' n'est pas membre de '`global namespace''
C:\Program Files (x86)\Microsoft Visual Studio\2019\Community\VC\Tools\MSVC\14.29.30133\include\cstdio(59,1): error C2873: 'fsetpos' : un symbole ne peut pas être utilisé dans une déclaration using
C:\Program Files (x86)\Microsoft Visual Studio\2019\Community\VC\Tools\MSVC\14.29.30133\include\cstdio(60,13): error C2039: 'ftell' n'est pas membre de '`global namespace''
C:\Program Files (x86)\Microsoft Visual Studio\2019\Community\VC\Tools\MSVC\14.29.30133\include\cstdio(60,1): error C2873: 'ftell' : un symbole ne peut pas être utilisé dans une déclaration using
C:\Program Files (x86)\Microsoft Visual Studio\2019\Community\VC\Tools\MSVC\14.29.30133\include\cstdio(61,13): error C2039: 'fwrite' n'est pas membre de '`global namespace''
C:\Program Files (x86)\Microsoft Visual Studio\2019\Community\VC\Tools\MSVC\14.29.30133\include\cstdio(61,1): error C2873: 'fwrite' : un symbole ne peut pas être utilisé dans une déclaration using
C:\Program Files (x86)\Microsoft Visual Studio\2019\Community\VC\Tools\MSVC\14.29.30133\include\cstdio(62,13): error C2039: 'getc' n'est pas membre de '`global namespace''
C:\Program Files (x86)\Microsoft Visual Studio\2019\Community\VC\Tools\MSVC\14.29.30133\include\cstdio(62,1): error C2873: 'getc' : un symbole ne peut pas être utilisé dans une déclaration using
C:\Program Files (x86)\Microsoft Visual Studio\2019\Community\VC\Tools\MSVC\14.29.30133\include\cstdio(63,13): error C2039: 'getchar' n'est pas membre de '`global namespace''
C:\Program Files (x86)\Microsoft Visual Studio\2019\Community\VC\Tools\MSVC\14.29.30133\include\cstdio(63,1): error C2873: 'getchar' : un symbole ne peut pas être utilisé dans une déclaration using
C:\Program Files (x86)\Microsoft Visual Studio\2019\Community\VC\Tools\MSVC\14.29.30133\include\cstdio(64,13): error C2039: 'perror' n'est pas membre de '`global namespace''
C:\Program Files (x86)\Microsoft Visual Studio\2019\Community\VC\Tools\MSVC\14.29.30133\include\cstdio(64,1): error C2873: 'perror' : un symbole ne peut pas être utilisé dans une déclaration using
C:\Program Files (x86)\Microsoft Visual Studio\2019\Community\VC\Tools\MSVC\14.29.30133\include\cstdio(65,13): error C2039: 'putc' n'est pas membre de '`global namespace''
C:\Program Files (x86)\Microsoft Visual Studio\2019\Community\VC\Tools\MSVC\14.29.30133\include\cstdio(65,1): error C2873: 'putc' : un symbole ne peut pas être utilisé dans une déclaration using
C:\Program Files (x86)\Microsoft Visual Studio\2019\Community\VC\Tools\MSVC\14.29.30133\include\cstdio(66,13): error C2039: 'putchar' n'est pas membre de '`global namespace''
C:\Program Files (x86)\Microsoft Visual Studio\2019\Community\VC\Tools\MSVC\14.29.30133\include\cstdio(66,1): error C2873: 'putchar' : un symbole ne peut pas être utilisé dans une déclaration using
C:\Program Files (x86)\Microsoft Visual Studio\2019\Community\VC\Tools\MSVC\14.29.30133\include\cstdio(67,13): error C2039: 'printf' n'est pas membre de '`global namespace''
C:\Program Files (x86)\Microsoft Visual Studio\2019\Community\VC\Tools\MSVC\14.29.30133\include\cstdio(67,1): error C2873: 'printf' : un symbole ne peut pas être utilisé dans une déclaration using
C:\Program Files (x86)\Microsoft Visual Studio\2019\Community\VC\Tools\MSVC\14.29.30133\include\cstdio(68,13): error C2039: 'puts' n'est pas membre de '`global namespace''
C:\Program Files (x86)\Microsoft Visual Studio\2019\Community\VC\Tools\MSVC\14.29.30133\include\cstdio(68,1): error C2873: 'puts' : un symbole ne peut pas être utilisé dans une déclaration using
C:\Program Files (x86)\Microsoft Visual Studio\2019\Community\VC\Tools\MSVC\14.29.30133\include\cstdio(69,13): error C2039: 'remove' n'est pas membre de '`global namespace''
C:\Program Files (x86)\Microsoft Visual Studio\2019\Community\VC\Tools\MSVC\14.29.30133\include\cstdio(69,1): error C2873: 'remove' : un symbole ne peut pas être utilisé dans une déclaration using
C:\Program Files (x86)\Microsoft Visual Studio\2019\Community\VC\Tools\MSVC\14.29.30133\include\cstdio(70,13): error C2039: 'rename' n'est pas membre de '`global namespace''
C:\Program Files (x86)\Microsoft Visual Studio\2019\Community\VC\Tools\MSVC\14.29.30133\include\cstdio(70,1): error C2873: 'rename' : un symbole ne peut pas être utilisé dans une déclaration using
C:\Program Files (x86)\Microsoft Visual Studio\2019\Community\VC\Tools\MSVC\14.29.30133\include\cstdio(70,19): fatal error C1003: le nombre d'erreurs est supérieur à 100 ; arrêt de la compilation
  Génération de code en cours...
