  MadgwickRotator.cpp
D:\Documents\repos\domocap\source\Madgwick Rotations\Madgwick Rotations\Vector.h(37,14): error C3646: 'toQuaternion' : spécificateur de substitution inconnu
D:\Documents\repos\domocap\source\Madgwick Rotations\Madgwick Rotations\Vector.h(37,26): error C2059: erreur de syntaxe : '('
D:\Documents\repos\domocap\source\Madgwick Rotations\Madgwick Rotations\Vector.h(37,28): error C2238: jetons inattendus avant ';'
D:\Documents\repos\domocap\source\Madgwick Rotations\Madgwick Rotations\Vector.h(71,19): error C4430: spécificateur de type manquant - int est pris en compte par défaut. Remarque : C++ ne prend pas en charge int par défaut
D:\Documents\repos\domocap\source\Madgwick Rotations\Madgwick Rotations\Vector.h(71,13): error C2146: erreur de syntaxe : absence de ';' avant l'identificateur 'rotate'
D:\Documents\repos\domocap\source\Madgwick Rotations\Madgwick Rotations\Quaternion.h(106,13): error C2143: erreur de syntaxe : absence de ';' avant '+'
D:\Documents\repos\domocap\source\Madgwick Rotations\Madgwick Rotations\Quaternion.h(106,22): error C4430: spécificateur de type manquant - int est pris en compte par défaut. Remarque : C++ ne prend pas en charge int par défaut
D:\Documents\repos\domocap\source\Madgwick Rotations\Madgwick Rotations\Quaternion.h(106,2): error C2086: 'int madgwickRotations::Quaternion' : redéfinition
D:\Documents\repos\domocap\source\Madgwick Rotations\Madgwick Rotations\Vector.h(71): message : voir la déclaration de 'madgwickRotations::Quaternion'
D:\Documents\repos\domocap\source\Madgwick Rotations\Madgwick Rotations\Quaternion.h(106,39): error C4430: spécificateur de type manquant - int est pris en compte par défaut. Remarque : C++ ne prend pas en charge int par défaut
D:\Documents\repos\domocap\source\Madgwick Rotations\Madgwick Rotations\Quaternion.h(106,39): error C2143: erreur de syntaxe : absence de ',' avant '&'
D:\Documents\repos\domocap\source\Madgwick Rotations\Madgwick Rotations\Quaternion.h(106,66): error C4430: spécificateur de type manquant - int est pris en compte par défaut. Remarque : C++ ne prend pas en charge int par défaut
D:\Documents\repos\domocap\source\Madgwick Rotations\Madgwick Rotations\Quaternion.h(106,66): error C2803: 'operator +' doit avoir au moins un paramètre de type classe
D:\Documents\repos\domocap\source\Madgwick Rotations\Madgwick Rotations\Quaternion.h(109,13): error C2143: erreur de syntaxe : absence de ';' avant '-'
D:\Documents\repos\domocap\source\Madgwick Rotations\Madgwick Rotations\Quaternion.h(109,22): error C4430: spécificateur de type manquant - int est pris en compte par défaut. Remarque : C++ ne prend pas en charge int par défaut
D:\Documents\repos\domocap\source\Madgwick Rotations\Madgwick Rotations\Quaternion.h(109,2): error C2086: 'int madgwickRotations::Quaternion' : redéfinition
D:\Documents\repos\domocap\source\Madgwick Rotations\Madgwick Rotations\Vector.h(71): message : voir la déclaration de 'madgwickRotations::Quaternion'
D:\Documents\repos\domocap\source\Madgwick Rotations\Madgwick Rotations\Quaternion.h(109,39): error C4430: spécificateur de type manquant - int est pris en compte par défaut. Remarque : C++ ne prend pas en charge int par défaut
D:\Documents\repos\domocap\source\Madgwick Rotations\Madgwick Rotations\Quaternion.h(109,39): error C2143: erreur de syntaxe : absence de ',' avant '&'
D:\Documents\repos\domocap\source\Madgwick Rotations\Madgwick Rotations\Quaternion.h(109,66): error C4430: spécificateur de type manquant - int est pris en compte par défaut. Remarque : C++ ne prend pas en charge int par défaut
D:\Documents\repos\domocap\source\Madgwick Rotations\Madgwick Rotations\Quaternion.h(109,66): error C2803: 'operator -' doit avoir au moins un paramètre de type classe
D:\Documents\repos\domocap\source\Madgwick Rotations\Madgwick Rotations\Quaternion.h(112,13): error C2143: erreur de syntaxe : absence de ';' avant '*'
D:\Documents\repos\domocap\source\Madgwick Rotations\Madgwick Rotations\Quaternion.h(112,22): error C4430: spécificateur de type manquant - int est pris en compte par défaut. Remarque : C++ ne prend pas en charge int par défaut
D:\Documents\repos\domocap\source\Madgwick Rotations\Madgwick Rotations\Quaternion.h(112,2): error C2086: 'int madgwickRotations::Quaternion' : redéfinition
D:\Documents\repos\domocap\source\Madgwick Rotations\Madgwick Rotations\Vector.h(71): message : voir la déclaration de 'madgwickRotations::Quaternion'
D:\Documents\repos\domocap\source\Madgwick Rotations\Madgwick Rotations\Quaternion.h(112,39): error C4430: spécificateur de type manquant - int est pris en compte par défaut. Remarque : C++ ne prend pas en charge int par défaut
D:\Documents\repos\domocap\source\Madgwick Rotations\Madgwick Rotations\Quaternion.h(112,39): error C2143: erreur de syntaxe : absence de ',' avant '&'
D:\Documents\repos\domocap\source\Madgwick Rotations\Madgwick Rotations\Quaternion.h(112,66): error C4430: spécificateur de type manquant - int est pris en compte par défaut. Remarque : C++ ne prend pas en charge int par défaut
D:\Documents\repos\domocap\source\Madgwick Rotations\Madgwick Rotations\Quaternion.h(112,66): error C2803: 'operator *' doit avoir au moins un paramètre de type classe
D:\Documents\repos\domocap\source\Madgwick Rotations\Madgwick Rotations\Quaternion.h(115,13): error C2143: erreur de syntaxe : absence de ';' avant '*'
D:\Documents\repos\domocap\source\Madgwick Rotations\Madgwick Rotations\Quaternion.h(115,22): error C4430: spécificateur de type manquant - int est pris en compte par défaut. Remarque : C++ ne prend pas en charge int par défaut
D:\Documents\repos\domocap\source\Madgwick Rotations\Madgwick Rotations\Quaternion.h(115,2): error C2086: 'int madgwickRotations::Quaternion' : redéfinition
D:\Documents\repos\domocap\source\Madgwick Rotations\Madgwick Rotations\Vector.h(71): message : voir la déclaration de 'madgwickRotations::Quaternion'
D:\Documents\repos\domocap\source\Madgwick Rotations\Madgwick Rotations\Quaternion.h(115,39): error C4430: spécificateur de type manquant - int est pris en compte par défaut. Remarque : C++ ne prend pas en charge int par défaut
D:\Documents\repos\domocap\source\Madgwick Rotations\Madgwick Rotations\Quaternion.h(115,39): error C2143: erreur de syntaxe : absence de ',' avant '&'
D:\Documents\repos\domocap\source\Madgwick Rotations\Madgwick Rotations\Quaternion.h(115,61): error C4430: spécificateur de type manquant - int est pris en compte par défaut. Remarque : C++ ne prend pas en charge int par défaut
D:\Documents\repos\domocap\source\Madgwick Rotations\Madgwick Rotations\Quaternion.h(118,13): error C2143: erreur de syntaxe : absence de ';' avant '/'
D:\Documents\repos\domocap\source\Madgwick Rotations\Madgwick Rotations\Quaternion.h(118,22): error C4430: spécificateur de type manquant - int est pris en compte par défaut. Remarque : C++ ne prend pas en charge int par défaut
D:\Documents\repos\domocap\source\Madgwick Rotations\Madgwick Rotations\Quaternion.h(118,2): error C2086: 'int madgwickRotations::Quaternion' : redéfinition
D:\Documents\repos\domocap\source\Madgwick Rotations\Madgwick Rotations\Vector.h(71): message : voir la déclaration de 'madgwickRotations::Quaternion'
D:\Documents\repos\domocap\source\Madgwick Rotations\Madgwick Rotations\Quaternion.h(118,39): error C4430: spécificateur de type manquant - int est pris en compte par défaut. Remarque : C++ ne prend pas en charge int par défaut
D:\Documents\repos\domocap\source\Madgwick Rotations\Madgwick Rotations\Quaternion.h(118,39): error C2143: erreur de syntaxe : absence de ',' avant '&'
D:\Documents\repos\domocap\source\Madgwick Rotations\Madgwick Rotations\Quaternion.h(118,61): error C4430: spécificateur de type manquant - int est pris en compte par défaut. Remarque : C++ ne prend pas en charge int par défaut
D:\Documents\repos\domocap\source\Madgwick Rotations\Madgwick Rotations\Quaternion.h(118,61): error C2803: 'operator /' doit avoir au moins un paramètre de type classe
D:\Documents\repos\domocap\source\Madgwick Rotations\Madgwick Rotations\Quaternion.h(118,61): error C2805: nombre de paramètres insuffisant pour l'opérateur binaire 'operator /'
D:\Documents\repos\domocap\source\Madgwick Rotations\Madgwick Rotations\madgwickRotations.h(26,19): error C4430: spécificateur de type manquant - int est pris en compte par défaut. Remarque : C++ ne prend pas en charge int par défaut
D:\Documents\repos\domocap\source\Madgwick Rotations\Madgwick Rotations\madgwickRotations.h(26,2): error C2086: 'int madgwickRotations::Quaternion' : redéfinition
D:\Documents\repos\domocap\source\Madgwick Rotations\Madgwick Rotations\Vector.h(71): message : voir la déclaration de 'madgwickRotations::Quaternion'
D:\Documents\repos\domocap\source\Madgwick Rotations\Madgwick Rotations\madgwickRotations.h(26,13): error C2146: erreur de syntaxe : absence de ';' avant l'identificateur 'rotate'
D:\Documents\repos\domocap\source\Madgwick Rotations\Madgwick Rotations\MadgwickRotator.h(29,13): error C3646: 'leo' : spécificateur de substitution inconnu
D:\Documents\repos\domocap\source\Madgwick Rotations\Madgwick Rotations\MadgwickRotator.h(29,16): error C4430: spécificateur de type manquant - int est pris en compte par défaut. Remarque : C++ ne prend pas en charge int par défaut
D:\Documents\repos\domocap\source\Madgwick Rotations\Madgwick Rotations\MadgwickRotator.h(115,13): error C3646: 'update' : spécificateur de substitution inconnu
D:\Documents\repos\domocap\source\Madgwick Rotations\Madgwick Rotations\MadgwickRotator.h(115,19): error C2059: erreur de syntaxe : '('
D:\Documents\repos\domocap\source\Madgwick Rotations\Madgwick Rotations\MadgwickRotator.h(115,63): error C2238: jetons inattendus avant ';'
D:\Documents\repos\domocap\source\Madgwick Rotations\Madgwick Rotations\MadgwickRotator.h(126,13): error C3646: 'changeSincePrevious' : spécificateur de substitution inconnu
D:\Documents\repos\domocap\source\Madgwick Rotations\Madgwick Rotations\MadgwickRotator.h(126,32): error C2059: erreur de syntaxe : '('
D:\Documents\repos\domocap\source\Madgwick Rotations\Madgwick Rotations\MadgwickRotator.h(126,90): error C2238: jetons inattendus avant ';'
D:\Documents\repos\domocap\source\Madgwick Rotations\Madgwick Rotations\MadgwickRotator.h(135,13): error C3646: 'correctionFunction' : spécificateur de substitution inconnu
D:\Documents\repos\domocap\source\Madgwick Rotations\Madgwick Rotations\MadgwickRotator.h(135,31): error C2059: erreur de syntaxe : '('
D:\Documents\repos\domocap\source\Madgwick Rotations\Madgwick Rotations\MadgwickRotator.h(135,72): error C2238: jetons inattendus avant ';'
D:\Documents\repos\domocap\source\Madgwick Rotations\Madgwick Rotations\MadgwickRotator.cpp(15,2): error C2065: 'leo' : identificateur non déclaré
D:\Documents\repos\domocap\source\Madgwick Rotations\Madgwick Rotations\MadgwickRotator.cpp(15,8): error C2064: le terme ne correspond pas à une fonction qui prend 4 arguments
D:\Documents\repos\domocap\source\Madgwick Rotations\Madgwick Rotations\MadgwickRotator.cpp(21,29): error C2039: 'update' n'est pas membre de 'madgwickRotations::MadgwickRotator'
D:\Documents\repos\domocap\source\Madgwick Rotations\Madgwick Rotations\madgwickRotations.h(23): message : voir la déclaration de 'madgwickRotations::MadgwickRotator'
D:\Documents\repos\domocap\source\Madgwick Rotations\Madgwick Rotations\MadgwickRotator.cpp(21,35): error C4430: spécificateur de type manquant - int est pris en compte par défaut. Remarque : C++ ne prend pas en charge int par défaut
D:\Documents\repos\domocap\source\Madgwick Rotations\Madgwick Rotations\MadgwickRotator.cpp(21,35): error C2146: erreur de syntaxe : absence de ';' avant l'identificateur 'update'
D:\Documents\repos\domocap\source\Madgwick Rotations\Madgwick Rotations\MadgwickRotator.cpp(21,111): error C2143: erreur de syntaxe : absence de ';' avant '{'
D:\Documents\repos\domocap\source\Madgwick Rotations\Madgwick Rotations\MadgwickRotator.cpp(21,111): error C2447: '{' : en-tête de fonction manquant (liste formelle à l'ancien format ?)
D:\Documents\repos\domocap\source\Madgwick Rotations\Madgwick Rotations\MadgwickRotator.cpp(37,12): error C2872: 'Quaternion' : symbole ambigu
D:\Documents\repos\domocap\source\Madgwick Rotations\Madgwick Rotations\MadgwickRotator.cpp(21,1): message : est peut-être 'int Quaternion'
D:\Documents\repos\domocap\source\Madgwick Rotations\Madgwick Rotations\Vector.h(71,2): message : ou       'int madgwickRotations::Quaternion'
D:\Documents\repos\domocap\source\Madgwick Rotations\Madgwick Rotations\MadgwickRotator.cpp(37,29): error C2039: 'changeSincePrevious' n'est pas membre de 'madgwickRotations::MadgwickRotator'
D:\Documents\repos\domocap\source\Madgwick Rotations\Madgwick Rotations\madgwickRotations.h(23): message : voir la déclaration de 'madgwickRotations::MadgwickRotator'
D:\Documents\repos\domocap\source\Madgwick Rotations\Madgwick Rotations\MadgwickRotator.cpp(37,48): error C4430: spécificateur de type manquant - int est pris en compte par défaut. Remarque : C++ ne prend pas en charge int par défaut
D:\Documents\repos\domocap\source\Madgwick Rotations\Madgwick Rotations\MadgwickRotator.cpp(37,1): error C2086: 'int Quaternion' : redéfinition
D:\Documents\repos\domocap\source\Madgwick Rotations\Madgwick Rotations\MadgwickRotator.cpp(21): message : voir la déclaration de 'Quaternion'
D:\Documents\repos\domocap\source\Madgwick Rotations\Madgwick Rotations\MadgwickRotator.cpp(37,48): error C2146: erreur de syntaxe : absence de ';' avant l'identificateur 'changeSincePrevious'
D:\Documents\repos\domocap\source\Madgwick Rotations\Madgwick Rotations\MadgwickRotator.cpp(37,107): error C2143: erreur de syntaxe : absence de ';' avant '{'
D:\Documents\repos\domocap\source\Madgwick Rotations\Madgwick Rotations\MadgwickRotator.cpp(37,107): error C2447: '{' : en-tête de fonction manquant (liste formelle à l'ancien format ?)
D:\Documents\repos\domocap\source\Madgwick Rotations\Madgwick Rotations\MadgwickRotator.cpp(41,12): error C2872: 'Quaternion' : symbole ambigu
D:\Documents\repos\domocap\source\Madgwick Rotations\Madgwick Rotations\MadgwickRotator.cpp(21,1): message : est peut-être 'int Quaternion'
D:\Documents\repos\domocap\source\Madgwick Rotations\Madgwick Rotations\Vector.h(71,2): message : ou       'int madgwickRotations::Quaternion'
D:\Documents\repos\domocap\source\Madgwick Rotations\Madgwick Rotations\MadgwickRotator.cpp(41,29): error C2039: 'correctionFunction' n'est pas membre de 'madgwickRotations::MadgwickRotator'
D:\Documents\repos\domocap\source\Madgwick Rotations\Madgwick Rotations\madgwickRotations.h(23): message : voir la déclaration de 'madgwickRotations::MadgwickRotator'
D:\Documents\repos\domocap\source\Madgwick Rotations\Madgwick Rotations\MadgwickRotator.cpp(41,47): error C4430: spécificateur de type manquant - int est pris en compte par défaut. Remarque : C++ ne prend pas en charge int par défaut
D:\Documents\repos\domocap\source\Madgwick Rotations\Madgwick Rotations\MadgwickRotator.cpp(41,1): error C2086: 'int Quaternion' : redéfinition
D:\Documents\repos\domocap\source\Madgwick Rotations\Madgwick Rotations\MadgwickRotator.cpp(21): message : voir la déclaration de 'Quaternion'
D:\Documents\repos\domocap\source\Madgwick Rotations\Madgwick Rotations\MadgwickRotator.cpp(41,47): error C2146: erreur de syntaxe : absence de ';' avant l'identificateur 'correctionFunction'
D:\Documents\repos\domocap\source\Madgwick Rotations\Madgwick Rotations\MadgwickRotator.cpp(41,89): error C2143: erreur de syntaxe : absence de ';' avant '{'
D:\Documents\repos\domocap\source\Madgwick Rotations\Madgwick Rotations\MadgwickRotator.cpp(41,89): error C2447: '{' : en-tête de fonction manquant (liste formelle à l'ancien format ?)
  main.cpp
  Quaternion.cpp
  test0.cpp
  utils.cpp
  Vector.cpp
D:\Documents\repos\domocap\source\Madgwick Rotations\Madgwick Rotations\Vector.h(37,14): error C3646: 'toQuaternion' : spécificateur de substitution inconnu
D:\Documents\repos\domocap\source\Madgwick Rotations\Madgwick Rotations\Vector.h(37,26): error C2059: erreur de syntaxe : '('
D:\Documents\repos\domocap\source\Madgwick Rotations\Madgwick Rotations\Vector.h(37,28): error C2238: jetons inattendus avant ';'
D:\Documents\repos\domocap\source\Madgwick Rotations\Madgwick Rotations\Vector.h(71,19): error C4430: spécificateur de type manquant - int est pris en compte par défaut. Remarque : C++ ne prend pas en charge int par défaut
D:\Documents\repos\domocap\source\Madgwick Rotations\Madgwick Rotations\Vector.h(71,13): error C2146: erreur de syntaxe : absence de ';' avant l'identificateur 'rotate'
D:\Documents\repos\domocap\source\Madgwick Rotations\Madgwick Rotations\Quaternion.h(106,13): error C2143: erreur de syntaxe : absence de ';' avant '+'
D:\Documents\repos\domocap\source\Madgwick Rotations\Madgwick Rotations\Quaternion.h(106,22): error C4430: spécificateur de type manquant - int est pris en compte par défaut. Remarque : C++ ne prend pas en charge int par défaut
D:\Documents\repos\domocap\source\Madgwick Rotations\Madgwick Rotations\Quaternion.h(106,2): error C2086: 'int madgwickRotations::Quaternion' : redéfinition
D:\Documents\repos\domocap\source\Madgwick Rotations\Madgwick Rotations\Vector.h(71): message : voir la déclaration de 'madgwickRotations::Quaternion'
D:\Documents\repos\domocap\source\Madgwick Rotations\Madgwick Rotations\Quaternion.h(106,39): error C4430: spécificateur de type manquant - int est pris en compte par défaut. Remarque : C++ ne prend pas en charge int par défaut
D:\Documents\repos\domocap\source\Madgwick Rotations\Madgwick Rotations\Quaternion.h(106,39): error C2143: erreur de syntaxe : absence de ',' avant '&'
D:\Documents\repos\domocap\source\Madgwick Rotations\Madgwick Rotations\Quaternion.h(106,66): error C4430: spécificateur de type manquant - int est pris en compte par défaut. Remarque : C++ ne prend pas en charge int par défaut
D:\Documents\repos\domocap\source\Madgwick Rotations\Madgwick Rotations\Quaternion.h(106,66): error C2803: 'operator +' doit avoir au moins un paramètre de type classe
D:\Documents\repos\domocap\source\Madgwick Rotations\Madgwick Rotations\Quaternion.h(109,13): error C2143: erreur de syntaxe : absence de ';' avant '-'
D:\Documents\repos\domocap\source\Madgwick Rotations\Madgwick Rotations\Quaternion.h(109,22): error C4430: spécificateur de type manquant - int est pris en compte par défaut. Remarque : C++ ne prend pas en charge int par défaut
D:\Documents\repos\domocap\source\Madgwick Rotations\Madgwick Rotations\Quaternion.h(109,2): error C2086: 'int madgwickRotations::Quaternion' : redéfinition
D:\Documents\repos\domocap\source\Madgwick Rotations\Madgwick Rotations\Vector.h(71): message : voir la déclaration de 'madgwickRotations::Quaternion'
D:\Documents\repos\domocap\source\Madgwick Rotations\Madgwick Rotations\Quaternion.h(109,39): error C4430: spécificateur de type manquant - int est pris en compte par défaut. Remarque : C++ ne prend pas en charge int par défaut
D:\Documents\repos\domocap\source\Madgwick Rotations\Madgwick Rotations\Quaternion.h(109,39): error C2143: erreur de syntaxe : absence de ',' avant '&'
D:\Documents\repos\domocap\source\Madgwick Rotations\Madgwick Rotations\Quaternion.h(109,66): error C4430: spécificateur de type manquant - int est pris en compte par défaut. Remarque : C++ ne prend pas en charge int par défaut
D:\Documents\repos\domocap\source\Madgwick Rotations\Madgwick Rotations\Quaternion.h(109,66): error C2803: 'operator -' doit avoir au moins un paramètre de type classe
D:\Documents\repos\domocap\source\Madgwick Rotations\Madgwick Rotations\Quaternion.h(112,13): error C2143: erreur de syntaxe : absence de ';' avant '*'
D:\Documents\repos\domocap\source\Madgwick Rotations\Madgwick Rotations\Quaternion.h(112,22): error C4430: spécificateur de type manquant - int est pris en compte par défaut. Remarque : C++ ne prend pas en charge int par défaut
D:\Documents\repos\domocap\source\Madgwick Rotations\Madgwick Rotations\Quaternion.h(112,2): error C2086: 'int madgwickRotations::Quaternion' : redéfinition
D:\Documents\repos\domocap\source\Madgwick Rotations\Madgwick Rotations\Vector.h(71): message : voir la déclaration de 'madgwickRotations::Quaternion'
D:\Documents\repos\domocap\source\Madgwick Rotations\Madgwick Rotations\Quaternion.h(112,39): error C4430: spécificateur de type manquant - int est pris en compte par défaut. Remarque : C++ ne prend pas en charge int par défaut
D:\Documents\repos\domocap\source\Madgwick Rotations\Madgwick Rotations\Quaternion.h(112,39): error C2143: erreur de syntaxe : absence de ',' avant '&'
D:\Documents\repos\domocap\source\Madgwick Rotations\Madgwick Rotations\Quaternion.h(112,66): error C4430: spécificateur de type manquant - int est pris en compte par défaut. Remarque : C++ ne prend pas en charge int par défaut
D:\Documents\repos\domocap\source\Madgwick Rotations\Madgwick Rotations\Quaternion.h(112,66): error C2803: 'operator *' doit avoir au moins un paramètre de type classe
D:\Documents\repos\domocap\source\Madgwick Rotations\Madgwick Rotations\Quaternion.h(115,13): error C2143: erreur de syntaxe : absence de ';' avant '*'
D:\Documents\repos\domocap\source\Madgwick Rotations\Madgwick Rotations\Quaternion.h(115,22): error C4430: spécificateur de type manquant - int est pris en compte par défaut. Remarque : C++ ne prend pas en charge int par défaut
D:\Documents\repos\domocap\source\Madgwick Rotations\Madgwick Rotations\Quaternion.h(115,2): error C2086: 'int madgwickRotations::Quaternion' : redéfinition
D:\Documents\repos\domocap\source\Madgwick Rotations\Madgwick Rotations\Vector.h(71): message : voir la déclaration de 'madgwickRotations::Quaternion'
D:\Documents\repos\domocap\source\Madgwick Rotations\Madgwick Rotations\Quaternion.h(115,39): error C4430: spécificateur de type manquant - int est pris en compte par défaut. Remarque : C++ ne prend pas en charge int par défaut
D:\Documents\repos\domocap\source\Madgwick Rotations\Madgwick Rotations\Quaternion.h(115,39): error C2143: erreur de syntaxe : absence de ',' avant '&'
D:\Documents\repos\domocap\source\Madgwick Rotations\Madgwick Rotations\Quaternion.h(115,61): error C4430: spécificateur de type manquant - int est pris en compte par défaut. Remarque : C++ ne prend pas en charge int par défaut
D:\Documents\repos\domocap\source\Madgwick Rotations\Madgwick Rotations\Quaternion.h(118,13): error C2143: erreur de syntaxe : absence de ';' avant '/'
D:\Documents\repos\domocap\source\Madgwick Rotations\Madgwick Rotations\Quaternion.h(118,22): error C4430: spécificateur de type manquant - int est pris en compte par défaut. Remarque : C++ ne prend pas en charge int par défaut
D:\Documents\repos\domocap\source\Madgwick Rotations\Madgwick Rotations\Quaternion.h(118,2): error C2086: 'int madgwickRotations::Quaternion' : redéfinition
D:\Documents\repos\domocap\source\Madgwick Rotations\Madgwick Rotations\Vector.h(71): message : voir la déclaration de 'madgwickRotations::Quaternion'
D:\Documents\repos\domocap\source\Madgwick Rotations\Madgwick Rotations\Quaternion.h(118,39): error C4430: spécificateur de type manquant - int est pris en compte par défaut. Remarque : C++ ne prend pas en charge int par défaut
D:\Documents\repos\domocap\source\Madgwick Rotations\Madgwick Rotations\Quaternion.h(118,39): error C2143: erreur de syntaxe : absence de ',' avant '&'
D:\Documents\repos\domocap\source\Madgwick Rotations\Madgwick Rotations\Quaternion.h(118,61): error C4430: spécificateur de type manquant - int est pris en compte par défaut. Remarque : C++ ne prend pas en charge int par défaut
D:\Documents\repos\domocap\source\Madgwick Rotations\Madgwick Rotations\Quaternion.h(118,61): error C2803: 'operator /' doit avoir au moins un paramètre de type classe
D:\Documents\repos\domocap\source\Madgwick Rotations\Madgwick Rotations\Quaternion.h(118,61): error C2805: nombre de paramètres insuffisant pour l'opérateur binaire 'operator /'
D:\Documents\repos\domocap\source\Madgwick Rotations\Madgwick Rotations\Vector.cpp(20,20): error C2039: 'toQuaternion' n'est pas membre de 'madgwickRotations::Vector'
D:\Documents\repos\domocap\source\Madgwick Rotations\Madgwick Rotations\Vector.h(15): message : voir la déclaration de 'madgwickRotations::Vector'
D:\Documents\repos\domocap\source\Madgwick Rotations\Madgwick Rotations\Vector.cpp(20,32): error C4430: spécificateur de type manquant - int est pris en compte par défaut. Remarque : C++ ne prend pas en charge int par défaut
D:\Documents\repos\domocap\source\Madgwick Rotations\Madgwick Rotations\Vector.cpp(20,32): error C2146: erreur de syntaxe : absence de ';' avant l'identificateur 'toQuaternion'
D:\Documents\repos\domocap\source\Madgwick Rotations\Madgwick Rotations\Vector.cpp(20,35): error C2143: erreur de syntaxe : absence de ';' avant '{'
D:\Documents\repos\domocap\source\Madgwick Rotations\Madgwick Rotations\Vector.cpp(20,35): error C2447: '{' : en-tête de fonction manquant (liste formelle à l'ancien format ?)
D:\Documents\repos\domocap\source\Madgwick Rotations\Madgwick Rotations\Vector.cpp(28,12): error C2872: 'Quaternion' : symbole ambigu
D:\Documents\repos\domocap\source\Madgwick Rotations\Madgwick Rotations\Vector.cpp(20,1): message : est peut-être 'int Quaternion'
D:\Documents\repos\domocap\source\Madgwick Rotations\Madgwick Rotations\Vector.h(71,2): message : ou       'int madgwickRotations::Quaternion'
D:\Documents\repos\domocap\source\Madgwick Rotations\Madgwick Rotations\Vector.cpp(28,31): error C2039: 'rotate' n'est pas membre de 'madgwickRotations'
D:\Documents\repos\domocap\source\Madgwick Rotations\Madgwick Rotations\Quaternion.h(10): message : voir la déclaration de 'madgwickRotations'
D:\Documents\repos\domocap\source\Madgwick Rotations\Madgwick Rotations\Vector.cpp(28,37): error C4430: spécificateur de type manquant - int est pris en compte par défaut. Remarque : C++ ne prend pas en charge int par défaut
D:\Documents\repos\domocap\source\Madgwick Rotations\Madgwick Rotations\Vector.cpp(28,1): error C2086: 'int Quaternion' : redéfinition
D:\Documents\repos\domocap\source\Madgwick Rotations\Madgwick Rotations\Vector.cpp(20): message : voir la déclaration de 'Quaternion'
D:\Documents\repos\domocap\source\Madgwick Rotations\Madgwick Rotations\Vector.cpp(28,37): error C2146: erreur de syntaxe : absence de ';' avant l'identificateur 'rotate'
D:\Documents\repos\domocap\source\Madgwick Rotations\Madgwick Rotations\Vector.cpp(28,62): error C2143: erreur de syntaxe : absence de ';' avant '{'
D:\Documents\repos\domocap\source\Madgwick Rotations\Madgwick Rotations\Vector.cpp(28,62): error C2447: '{' : en-tête de fonction manquant (liste formelle à l'ancien format ?)
  Génération de code en cours...
