  IPCServer.cpp
C:\Users\ASUS\Documents\2A\domocap\source\Moulinette_Δ\IPCPIPE\IPCServer.cpp(14,104): warning C4311: 'cast de type' : troncation de pointeur de 'HANDLE' à 'DWORD'
C:\Users\ASUS\Documents\2A\domocap\source\Moulinette_Δ\IPCPIPE\IPCServer.cpp(14,104): warning C4302: 'cast de type' : troncation de 'HANDLE' à 'DWORD'
C:\Users\ASUS\Documents\2A\domocap\source\Moulinette_Δ\IPCPIPE\IPCServer.cpp(14,167): warning C4311: 'cast de type' : troncation de pointeur de 'HANDLE' à 'DWORD'
C:\Users\ASUS\Documents\2A\domocap\source\Moulinette_Δ\IPCPIPE\IPCServer.cpp(14,167): warning C4302: 'cast de type' : troncation de 'HANDLE' à 'DWORD'
C:\Users\ASUS\Documents\2A\domocap\source\Moulinette_Δ\IPCPIPE\IPCServer.cpp(67,6): warning C4267: 'argument' : conversion de 'size_t' en 'DWORD', perte possible de données
C:\Users\ASUS\Documents\2A\domocap\source\Moulinette_Δ\IPCPIPE\IPCServer.cpp(68,73): warning C4311: 'cast de type' : troncation de pointeur de 'HANDLE' à 'DWORD'
C:\Users\ASUS\Documents\2A\domocap\source\Moulinette_Δ\IPCPIPE\IPCServer.cpp(68,73): warning C4302: 'cast de type' : troncation de 'HANDLE' à 'DWORD'
  utilities.cpp
  madgwickRotations.cpp
  MadgwickRotator.cpp
  Quaternion.cpp
  Vector.cpp
  Device.cpp
  serialPort.cpp
  stringUtilities.cpp
  ComponentReflector.cpp
C:\Users\ASUS\Documents\2A\domocap\source\Moulinette_Δ\Moulinette_Δ\ComponentReflector.h(28,2): warning C4091: 'static ' : ignoré à gauche de 'ComponentReflector' quand aucune variable n'est déclarée
  main.cpp
C:\Users\ASUS\Documents\2A\domocap\source\Moulinette_Δ\Moulinette_Δ\ComponentReflector.h(28,2): warning C4091: 'static ' : ignoré à gauche de 'ComponentReflector' quand aucune variable n'est déclarée
  VRAnalog.cpp
  VRBoolean.cpp
  VRComponent.cpp
C:\Users\ASUS\Documents\2A\domocap\source\Moulinette_Δ\Moulinette_Δ\ComponentReflector.h(28,2): warning C4091: 'static ' : ignoré à gauche de 'ComponentReflector' quand aucune variable n'est déclarée
  VRDevice.cpp
C:\Users\ASUS\Documents\2A\domocap\source\Moulinette_Δ\Moulinette_Δ\ComponentReflector.h(28,2): warning C4091: 'static ' : ignoré à gauche de 'ComponentReflector' quand aucune variable n'est déclarée
C:\Users\ASUS\Documents\2A\domocap\source\Moulinette_Δ\Moulinette_Δ\VRDevice.cpp(51,5): warning C4267: 'argument' : conversion de 'size_t' en 'int', perte possible de données
  VRQuaternion.cpp
C:\Users\ASUS\Documents\2A\domocap\source\Moulinette_Δ\Moulinette_Δ\VRQuaternion.cpp(42,18): warning C4244: 'initialisation' : conversion de '_Ty' en 'time_t', perte possible de données
          with
          [
              _Ty=double
          ]
  VRRelative.cpp
  Génération de code en cours
  Previous IPDB not found, fall back to full compilation.
C:\Users\ASUS\Documents\2A\domocap\source\Moulinette_Δ\Moulinette_Δ\ComponentReflector.cpp(44): warning C4715: 'ComponentReflector::requestDataFromComponent' : les chemins de contrôle ne retournent pas tous une valeur
C:\Users\ASUS\Documents\2A\domocap\source\Moulinette_Δ\Moulinette_Δ\main.cpp(122): warning C4715: 'lectureDMC' : les chemins de contrôle ne retournent pas tous une valeur
  All 565 functions were compiled because no usable IPDB/IOBJ from previous compilation was found.
  Fin de la génération du code
  Moulinette_Δ.vcxproj -> C:\Users\ASUS\Documents\2A\domocap\source\Moulinette_Δ\x64\Release\Moulinette_Δ.exe
