c:\users\asus\documents\2a\domocap\source\moulinette_δ\moulinette_δ\x64\release\vc142.pdb
c:\users\asus\documents\2a\domocap\source\moulinette_δ\moulinette_δ\x64\release\vrrelative.obj
c:\users\asus\documents\2a\domocap\source\moulinette_δ\moulinette_δ\x64\release\vrquaternion.obj
c:\users\asus\documents\2a\domocap\source\moulinette_δ\moulinette_δ\x64\release\vrdevice.obj
c:\users\asus\documents\2a\domocap\source\moulinette_δ\moulinette_δ\x64\release\vrcomponent.obj
c:\users\asus\documents\2a\domocap\source\moulinette_δ\moulinette_δ\x64\release\vrboolean.obj
c:\users\asus\documents\2a\domocap\source\moulinette_δ\moulinette_δ\x64\release\vranalog.obj
c:\users\asus\documents\2a\domocap\source\moulinette_δ\moulinette_δ\x64\release\main.obj
c:\users\asus\documents\2a\domocap\source\moulinette_δ\moulinette_δ\x64\release\componentreflector.obj
c:\users\asus\documents\2a\domocap\source\moulinette_δ\moulinette_δ\x64\release\stringutilities.obj
c:\users\asus\documents\2a\domocap\source\moulinette_δ\moulinette_δ\x64\release\serialport.obj
c:\users\asus\documents\2a\domocap\source\moulinette_δ\moulinette_δ\x64\release\device.obj
c:\users\asus\documents\2a\domocap\source\moulinette_δ\moulinette_δ\x64\release\vector.obj
c:\users\asus\documents\2a\domocap\source\moulinette_δ\moulinette_δ\x64\release\quaternion.obj
c:\users\asus\documents\2a\domocap\source\moulinette_δ\moulinette_δ\x64\release\madgwickrotator.obj
c:\users\asus\documents\2a\domocap\source\moulinette_δ\moulinette_δ\x64\release\madgwickrotations.obj
c:\users\asus\documents\2a\domocap\source\moulinette_δ\moulinette_δ\x64\release\utilities.obj
c:\users\asus\documents\2a\domocap\source\moulinette_δ\moulinette_δ\x64\release\ipcserver.obj
c:\users\asus\documents\2a\domocap\source\moulinette_δ\x64\release\moulinette_δ.exe
c:\users\asus\documents\2a\domocap\source\moulinette_δ\x64\release\moulinette_δ.pdb
c:\users\asus\documents\2a\domocap\source\moulinette_δ\moulinette_δ\x64\release\moulinette_δ.iobj
c:\users\asus\documents\2a\domocap\source\moulinette_δ\moulinette_δ\x64\release\moulinette_δ.ipdb
c:\users\asus\documents\2a\domocap\source\moulinette_δ\moulinette_δ\x64\release\moulinette_δ.tlog\cl.command.1.tlog
c:\users\asus\documents\2a\domocap\source\moulinette_δ\moulinette_δ\x64\release\moulinette_δ.tlog\cl.read.1.tlog
c:\users\asus\documents\2a\domocap\source\moulinette_δ\moulinette_δ\x64\release\moulinette_δ.tlog\cl.write.1.tlog
c:\users\asus\documents\2a\domocap\source\moulinette_δ\moulinette_δ\x64\release\moulinette_δ.tlog\link.command.1.tlog
c:\users\asus\documents\2a\domocap\source\moulinette_δ\moulinette_δ\x64\release\moulinette_δ.tlog\link.read.1.tlog
c:\users\asus\documents\2a\domocap\source\moulinette_δ\moulinette_δ\x64\release\moulinette_δ.tlog\link.write.1.tlog
