c:\users\asus\documents\2a\domocap\source\moulinette_δ\moulinette_δ\x64\debug\vc142.pdb
c:\users\asus\documents\2a\domocap\source\moulinette_δ\moulinette_δ\x64\debug\vc142.idb
c:\users\asus\documents\2a\domocap\source\moulinette_δ\moulinette_δ\x64\debug\vrrelative.obj
c:\users\asus\documents\2a\domocap\source\moulinette_δ\moulinette_δ\x64\debug\vrquaternion.obj
c:\users\asus\documents\2a\domocap\source\moulinette_δ\moulinette_δ\x64\debug\vrdevice.obj
c:\users\asus\documents\2a\domocap\source\moulinette_δ\moulinette_δ\x64\debug\vrcomponent.obj
c:\users\asus\documents\2a\domocap\source\moulinette_δ\moulinette_δ\x64\debug\vrboolean.obj
c:\users\asus\documents\2a\domocap\source\moulinette_δ\moulinette_δ\x64\debug\vranalog.obj
c:\users\asus\documents\2a\domocap\source\moulinette_δ\moulinette_δ\x64\debug\main.obj
c:\users\asus\documents\2a\domocap\source\moulinette_δ\moulinette_δ\x64\debug\componentreflector.obj
c:\users\asus\documents\2a\domocap\source\moulinette_δ\moulinette_δ\x64\debug\stringutilities.obj
c:\users\asus\documents\2a\domocap\source\moulinette_δ\moulinette_δ\x64\debug\serialport.obj
c:\users\asus\documents\2a\domocap\source\moulinette_δ\moulinette_δ\x64\debug\device.obj
c:\users\asus\documents\2a\domocap\source\moulinette_δ\moulinette_δ\x64\debug\vector.obj
c:\users\asus\documents\2a\domocap\source\moulinette_δ\moulinette_δ\x64\debug\quaternion.obj
c:\users\asus\documents\2a\domocap\source\moulinette_δ\moulinette_δ\x64\debug\madgwickrotator.obj
c:\users\asus\documents\2a\domocap\source\moulinette_δ\moulinette_δ\x64\debug\madgwickrotations.obj
c:\users\asus\documents\2a\domocap\source\moulinette_δ\moulinette_δ\x64\debug\utilities.obj
c:\users\asus\documents\2a\domocap\source\moulinette_δ\moulinette_δ\x64\debug\ipcserver.obj
c:\users\asus\documents\2a\domocap\source\moulinette_δ\moulinette_δ\x64\debug\moulinette_δ.ilk
c:\users\asus\documents\2a\domocap\source\moulinette_δ\x64\debug\moulinette_δ.exe
c:\users\asus\documents\2a\domocap\source\moulinette_δ\x64\debug\moulinette_δ.pdb
c:\users\asus\documents\2a\domocap\source\moulinette_δ\x64\debug\moulinette_δ.ilk
c:\users\asus\documents\2a\domocap\source\moulinette_δ\moulinette_δ\x64\debug\moulinette_δ.tlog\cl.command.1.tlog
c:\users\asus\documents\2a\domocap\source\moulinette_δ\moulinette_δ\x64\debug\moulinette_δ.tlog\cl.read.1.tlog
c:\users\asus\documents\2a\domocap\source\moulinette_δ\moulinette_δ\x64\debug\moulinette_δ.tlog\cl.write.1.tlog
c:\users\asus\documents\2a\domocap\source\moulinette_δ\moulinette_δ\x64\debug\moulinette_δ.tlog\link.command.1.tlog
c:\users\asus\documents\2a\domocap\source\moulinette_δ\moulinette_δ\x64\debug\moulinette_δ.tlog\link.delete.1.tlog
c:\users\asus\documents\2a\domocap\source\moulinette_δ\moulinette_δ\x64\debug\moulinette_δ.tlog\link.read.1.tlog
c:\users\asus\documents\2a\domocap\source\moulinette_δ\moulinette_δ\x64\debug\moulinette_δ.tlog\link.write.1.tlog
