  ControllerDevice.cpp
  driverlog.cpp
  driver_sample.cpp
  Génération de code en cours...
     Création de la bibliothèque U:\DoMoCap\domocap\EXAMPLE2\\bin\drivers\sample\bin\win64\driver_sample.lib et de l'objet U:\DoMoCap\domocap\EXAMPLE2\\bin\drivers\sample\bin\win64\driver_sample.exp
  driver_sample.vcxproj -> U:\DoMoCap\domocap\EXAMPLE2\bin\drivers\sample\bin\win64\driver_sample.dll
  1
  'echo2' n'est pas reconnu en tant que commande interne
  ou externe, un programme exécutable ou un fichier de commandes.
  0 fichier(s) copié(s)
  Chemin d'accès non valide
  3
  4
          1 fichier(s) copié(s).
  5
  Using breakpad crash handler
  Setting breakpad minidump AppID = 250820
  Forcing breakpad minidump interfaces to load
  Using breakpad crash handler
  Setting breakpad minidump AppID = 250820
  Forcing breakpad minidump interfaces to load
  VR Server (v1634602223)
  
