y:\domocap\source\controller_sim\controller_sim\x64\release\vc142.pdb
y:\domocap\source\controller_sim\controller_sim\x64\release\configloader.xdc
y:\domocap\source\controller_sim\controller_sim\x64\release\datadispatcher.xdc
y:\domocap\source\controller_sim\controller_sim\x64\release\dataobjects.xdc
y:\domocap\source\controller_sim\controller_sim\x64\release\domodriver.xdc
y:\domocap\source\controller_sim\controller_sim\x64\release\ctrlsimserver.xdc
y:\domocap\source\controller_sim\controller_sim\x64\release\driverlog.xdc
y:\domocap\source\controller_sim\controller_sim\x64\release\maths.xdc
y:\domocap\source\controller_sim\controller_sim\x64\release\component.xdc
y:\domocap\source\controller_sim\controller_sim\x64\release\typeconverters.xdc
y:\domocap\source\controller_sim\controller_sim\x64\release\typeconverters.obj
y:\domocap\source\controller_sim\controller_sim\x64\release\component.obj
y:\domocap\source\controller_sim\controller_sim\x64\release\maths.obj
y:\domocap\source\controller_sim\controller_sim\x64\release\driverlog.obj
y:\domocap\source\controller_sim\controller_sim\x64\release\ctrlsimserver.obj
y:\domocap\source\controller_sim\controller_sim\x64\release\domodriver.obj
y:\domocap\source\controller_sim\controller_sim\x64\release\dataobjects.obj
y:\domocap\source\controller_sim\controller_sim\x64\release\datadispatcher.obj
y:\domocap\source\controller_sim\controller_sim\x64\release\configloader.obj
y:\domocap\source\controller_sim\controller_sim\x64\release\stringutilities.xdc
y:\domocap\source\controller_sim\controller_sim\x64\release\stringutilities.obj
y:\domocap\source\controller_sim\ressources\controller_sim\bin\win64\driver_controller_sim.lib
y:\domocap\source\controller_sim\ressources\controller_sim\bin\win64\driver_controller_sim.exp
y:\domocap\source\controller_sim\ressources\controller_sim\bin\win64\driver_controller_sim.dll
y:\domocap\source\controller_sim\controller_sim\x64\release\driver_controller_sim.ipdb
y:\domocap\source\controller_sim\controller_sim\x64\release\driver_controller_sim.iobj
y:\domocap\source\controller_sim\ressources\controller_sim\bin\win64\driver_controller_sim.xml
y:\domocap\source\controller_sim\controller_sim\x64\release\controller_sim.tlog\cl.command.1.tlog
y:\domocap\source\controller_sim\controller_sim\x64\release\controller_sim.tlog\cl.read.1.tlog
y:\domocap\source\controller_sim\controller_sim\x64\release\controller_sim.tlog\cl.write.1.tlog
y:\domocap\source\controller_sim\controller_sim\x64\release\controller_sim.tlog\controller_sim.write.1u.tlog
y:\domocap\source\controller_sim\controller_sim\x64\release\controller_sim.tlog\link.command.1.tlog
y:\domocap\source\controller_sim\controller_sim\x64\release\controller_sim.tlog\link.read.1.tlog
y:\domocap\source\controller_sim\controller_sim\x64\release\controller_sim.tlog\link.write.1.tlog
y:\domocap\source\controller_sim\controller_sim\x64\release\controller_sim.tlog\xdcmake.command.1.tlog
y:\domocap\source\controller_sim\controller_sim\x64\release\controller_sim.tlog\xdcmake.read.1.tlog
y:\domocap\source\controller_sim\controller_sim\x64\release\controller_sim.tlog\xdcmake.write.1.tlog
